2021-07-27 16:10:29 [scrapy.utils.log] INFO: Scrapy 2.5.0 started (bot: scrapy_app)
2021-07-27 16:10:29 [scrapy.utils.log] INFO: Versions: lxml 4.3.2.0, libxml2 2.9.5, cssselect 1.1.0, parsel 1.6.0, w3lib 1.22.0, Twisted 21.2.0, Python 3.7.7 (default, May  6 2020, 11:45:54) [MSC v.1916 64 bit (AMD64)], pyOpenSSL 20.0.1 (OpenSSL 1.1.1g  21 Apr 2020), cryptography 3.0, Platform Windows-10-10.0.19041-SP0
2021-07-27 16:10:29 [scrapy.utils.log] DEBUG: Using reactor: twisted.internet.selectreactor.SelectReactor
2021-07-27 16:10:29 [scrapy.crawler] INFO: Overridden settings:
{'AUTOTHROTTLE_ENABLED': True,
 'BOT_NAME': 'scrapy_app',
 'CONCURRENT_REQUESTS': 64,
 'CONCURRENT_REQUESTS_PER_DOMAIN': 32,
 'CONCURRENT_REQUESTS_PER_IP': 16,
 'COOKIES_ENABLED': False,
 'DOWNLOAD_DELAY': 3,
 'DUPEFILTER_CLASS': 'scrapy_splash.SplashAwareDupeFilter',
 'HTTPCACHE_STORAGE': 'scrapy_splash.SplashAwareFSCacheStorage',
 'LOG_FILE': 'logs\\scrapy_app\\official_site_one\\797f377eeeba11eb8b705076af11070a.log',
 'NEWSPIDER_MODULE': 'scrapy_app.spiders',
 'SPIDER_MODULES': ['scrapy_app.spiders'],
 'USER_AGENT': 'Mozilla/5.0 (compatible; Googlebot/2.1; '
               '+http://www.google.com/bot.html)'}
2021-07-27 16:10:29 [scrapy.extensions.telnet] INFO: Telnet Password: ae08a08d3cde3df9
2021-07-27 16:10:29 [scrapy.middleware] INFO: Enabled extensions:
['scrapy.extensions.corestats.CoreStats',
 'scrapy.extensions.telnet.TelnetConsole',
 'scrapy.extensions.logstats.LogStats',
 'scrapy.extensions.throttle.AutoThrottle']
2021-07-27 16:10:29 [scrapy.middleware] INFO: Enabled downloader middlewares:
['scrapy.downloadermiddlewares.httpauth.HttpAuthMiddleware',
 'scrapy.downloadermiddlewares.downloadtimeout.DownloadTimeoutMiddleware',
 'scrapy.downloadermiddlewares.defaultheaders.DefaultHeadersMiddleware',
 'scrapy.downloadermiddlewares.useragent.UserAgentMiddleware',
 'scrapy_app.middlewares.ScrapyAppDownloaderMiddleware',
 'scrapy.downloadermiddlewares.retry.RetryMiddleware',
 'scrapy.downloadermiddlewares.redirect.MetaRefreshMiddleware',
 'scrapy.downloadermiddlewares.redirect.RedirectMiddleware',
 'scrapy_splash.SplashCookiesMiddleware',
 'scrapy_splash.SplashMiddleware',
 'scrapy.downloadermiddlewares.httpproxy.HttpProxyMiddleware',
 'scrapy.downloadermiddlewares.httpcompression.HttpCompressionMiddleware',
 'scrapy.downloadermiddlewares.stats.DownloaderStats']
2021-07-27 16:10:29 [scrapy.middleware] INFO: Enabled spider middlewares:
['scrapy.spidermiddlewares.httperror.HttpErrorMiddleware',
 'scrapy_splash.SplashDeduplicateArgsMiddleware',
 'scrapy.spidermiddlewares.offsite.OffsiteMiddleware',
 'scrapy_app.middlewares.ScrapyAppSpiderMiddleware',
 'scrapy.spidermiddlewares.referer.RefererMiddleware',
 'scrapy.spidermiddlewares.urllength.UrlLengthMiddleware',
 'scrapy.spidermiddlewares.depth.DepthMiddleware']
2021-07-27 16:10:29 [scrapy.middleware] INFO: Enabled item pipelines:
['scrapy_app.pipelines.MySQLOfficialSiteOnePipeline']
2021-07-27 16:10:29 [scrapy.core.engine] INFO: Spider opened
2021-07-27 16:10:29 [scrapy.extensions.logstats] INFO: Crawled 0 pages (at 0 pages/min), scraped 0 items (at 0 items/min)
2021-07-27 16:10:29 [official_site_one] INFO: Spider opened: official_site_one
2021-07-27 16:10:29 [official_site_one] INFO: Spider opened: official_site_one
2021-07-27 16:10:29 [scrapy.extensions.telnet] INFO: Telnet console listening on 127.0.0.1:6024
2021-07-27 16:10:29 [urllib3.connectionpool] DEBUG: Starting new HTTPS connection (1): serpapi.com:443
2021-07-27 16:10:34 [urllib3.connectionpool] DEBUG: https://serpapi.com:443 "GET /search?engine=google&q=site%3Agameforge.com+gaming%7CStrategy&google_domain=google.com&start=0&num=1000&device=desktop&api_key=97b7218f612297fbedf58e2f0b94c2b6e0d3a89df602023eb5edc3a13766d3a7&output=json&source=python HTTP/1.1" 200 None
2021-07-27 16:10:34 [urllib3.connectionpool] DEBUG: Starting new HTTPS connection (1): serpapi.com:443
2021-07-27 16:10:34 [urllib3.connectionpool] DEBUG: https://serpapi.com:443 "GET /search?engine=google&q=site%3Agameforge.com+gaming%7CStrategy&google_domain=google.com&start=0&num=1000&device=desktop&api_key=97b7218f612297fbedf58e2f0b94c2b6e0d3a89df602023eb5edc3a13766d3a7&output=json&source=python HTTP/1.1" 200 None
2021-07-27 16:10:34 [urllib3.connectionpool] DEBUG: Starting new HTTPS connection (1): serpapi.com:443
2021-07-27 16:10:34 [urllib3.connectionpool] DEBUG: https://serpapi.com:443 "GET /search?engine=google&q=site%3Agameforge.com+gaming%7CStrategy&google_domain=google.com&start=0&num=1000&device=desktop&api_key=97b7218f612297fbedf58e2f0b94c2b6e0d3a89df602023eb5edc3a13766d3a7&output=json&source=python HTTP/1.1" 200 None
2021-07-27 16:10:35 [urllib3.connectionpool] DEBUG: Starting new HTTPS connection (1): serpapi.com:443
2021-07-27 16:10:45 [urllib3.connectionpool] DEBUG: https://serpapi.com:443 "GET /search?engine=google&q=site%3Agameforge.com+gaming%7CStrategy&google_domain=google.com&start=100&num=1000&device=desktop&api_key=97b7218f612297fbedf58e2f0b94c2b6e0d3a89df602023eb5edc3a13766d3a7&output=json&source=python HTTP/1.1" 200 None
2021-07-27 16:10:46 [py.warnings] WARNING: c:\users\tripl\anaconda3\envs\pw\lib\site-packages\scrapy_splash\request.py:41: ScrapyDeprecationWarning: Call to deprecated function to_native_str. Use to_unicode instead.
  url = to_native_str(url)

2021-07-27 16:10:55 [scrapy.core.engine] DEBUG: Crawled (200) <GET https://gameforge.com/en-US/browser-games/strategy/ via http://127.0.0.1:8050/execute> (referer: None)
2021-07-27 16:10:55 [scrapy.core.scraper] DEBUG: Scraped from <200 https://gameforge.com/en-US/browser-games/strategy/>
{'domain': 'gameforge.com gaming|Strategy',
 'page_content': 'Best Strategy Browser Games 2021: Play for free online Skip '
                 'to content HomeBrowser GamesMMORPGFree Games Download Client '
                 'Sign in Nickname Redeem coupon Settings Sign outHome Browser '
                 'Games Strategy Browser GamesStrategy Browser GamesPlay our '
                 'best strategy browser games. From space to medieval, choose '
                 'your perfect strategy browser game. The right game is '
                 'waiting for you: Free-to-playOGameStrategy Space '
                 'Free-to-playIkariamStrategy Free-to-playKingsageStrategy '
                 'More Browser Games Free-to-playGladiatusRPG Strategy '
                 'Free-to-playBitefightRPG Fantasy Free-to-playBattleknightRPG '
                 'Strategy CompanyAbout GameforgeCareersProductsPartnersPress '
                 'SupportPortal FAQAuthenticator FAQsContact support '
                 'ResourcesT&CsPrivacyLegalSafe PlayCookie Preferences Follow '
                 'Us Copyright We use cookies on our website to optimize your '
                 'user experience. Essential cookies are necessary for the '
                 'site to function; other cookies are used for marketing and '
                 'analytic purposes. By clicking on "Accept Cookies", you '
                 'consent to the use of all cookies. To learn more, see our '
                 'privacy policy. Cookie PreferencesAccept Cookies',
 'response_code': 200,
 'scan_time': datetime.datetime(2021, 7, 27, 16, 10, 55, 318903),
 'screenshot': 'screenshots/official_site//2021-07-27/gameforge.com_en-US_browser-games_strategy_.jpeg',
 'timezone': 'SE Asia Standard Time',
 'unique_id': 'c462dad9a92a4e00a841a3c4d25cf7e4',
 'url': 'https://gameforge.com/en-US/browser-games/strategy/'}
2021-07-27 16:11:24 [scrapy.downloadermiddlewares.retry] DEBUG: Retrying <GET https://gameforge.com/en-US/littlegames/strategy-games/ via http://127.0.0.1:8050/execute> (failed 1 times): 504 Gateway Time-out
2021-07-27 16:11:29 [scrapy.extensions.logstats] INFO: Crawled 1 pages (at 1 pages/min), scraped 1 items (at 1 items/min)
2021-07-27 16:12:05 [scrapy.downloadermiddlewares.retry] DEBUG: Retrying <GET https://gameforge.com/en-US/littlegames/strategy-games/ via http://127.0.0.1:8050/execute> (failed 2 times): 504 Gateway Time-out
2021-07-27 16:12:29 [scrapy.extensions.logstats] INFO: Crawled 1 pages (at 0 pages/min), scraped 1 items (at 0 items/min)
2021-07-27 16:12:44 [scrapy.downloadermiddlewares.retry] ERROR: Gave up retrying <GET https://gameforge.com/en-US/littlegames/strategy-games/ via http://127.0.0.1:8050/execute> (failed 3 times): 504 Gateway Time-out
2021-07-27 16:12:44 [scrapy.core.engine] DEBUG: Crawled (504) <GET https://gameforge.com/en-US/littlegames/strategy-games/ via http://127.0.0.1:8050/execute> (referer: None)
2021-07-27 16:12:45 [scrapy.spidermiddlewares.httperror] INFO: Ignoring response <504 https://gameforge.com/en-US/littlegames/strategy-games/>: HTTP status code is not handled or not allowed
2021-07-27 16:12:45 [scrapy.core.engine] INFO: Closing spider (finished)
2021-07-27 16:12:45 [scrapy.statscollectors] INFO: Dumping Scrapy stats:
{'downloader/request_bytes': 4492,
 'downloader/request_count': 4,
 'downloader/request_method_count/POST': 4,
 'downloader/response_bytes': 188818,
 'downloader/response_count': 4,
 'downloader/response_status_count/200': 1,
 'downloader/response_status_count/504': 3,
 'elapsed_time_seconds': 135.732336,
 'finish_reason': 'finished',
 'finish_time': datetime.datetime(2021, 7, 27, 9, 12, 45, 25789),
 'httperror/response_ignored_count': 1,
 'httperror/response_ignored_status_count/504': 1,
 'item_scraped_count': 1,
 'log_count/DEBUG': 13,
 'log_count/ERROR': 1,
 'log_count/INFO': 15,
 'log_count/WARNING': 1,
 'response_received_count': 2,
 'retry/count': 2,
 'retry/max_reached': 1,
 'retry/reason_count/504 Gateway Time-out': 2,
 'scheduler/dequeued': 6,
 'scheduler/dequeued/memory': 6,
 'scheduler/enqueued': 6,
 'scheduler/enqueued/memory': 6,
 'splash/execute/request_count': 2,
 'splash/execute/response_count/200': 1,
 'splash/execute/response_count/504': 3,
 'start_time': datetime.datetime(2021, 7, 27, 9, 10, 29, 293453)}
2021-07-27 16:12:45 [scrapy.core.engine] INFO: Spider closed (finished)
